{"/Users/tjeastmond/Projects/limblecmms.dev/server/models/parseFilters.ts": {"path":"/Users/tjeastmond/Projects/limblecmms.dev/server/models/parseFilters.ts","statementMap":{"0":{"start":{"line":3,"column":0},"end":{"line":3,"column":24}},"1":{"start":{"line":4,"column":15},"end":{"line":4,"column":26}},"2":{"start":{"line":6,"column":2},"end":{"line":8,"column":3}},"3":{"start":{"line":7,"column":4},"end":{"line":7,"column":68}},"4":{"start":{"line":10,"column":2},"end":{"line":12,"column":3}},"5":{"start":{"line":11,"column":4},"end":{"line":11,"column":71}},"6":{"start":{"line":14,"column":2},"end":{"line":16,"column":3}},"7":{"start":{"line":15,"column":4},"end":{"line":15,"column":50}},"8":{"start":{"line":18,"column":2},"end":{"line":18,"column":16}}},"fnMap":{"0":{"name":"parseFilters","decl":{"start":{"line":3,"column":24},"end":{"line":3,"column":36}},"loc":{"start":{"line":3,"column":58},"end":{"line":19,"column":1}}}},"branchMap":{"0":{"loc":{"start":{"line":6,"column":2},"end":{"line":8,"column":3}},"type":"if","locations":[{"start":{"line":6,"column":2},"end":{"line":8,"column":3}}]},"1":{"loc":{"start":{"line":10,"column":2},"end":{"line":12,"column":3}},"type":"if","locations":[{"start":{"line":10,"column":2},"end":{"line":12,"column":3}}]},"2":{"loc":{"start":{"line":14,"column":2},"end":{"line":16,"column":3}},"type":"if","locations":[{"start":{"line":14,"column":2},"end":{"line":16,"column":3}}]},"3":{"loc":{"start":{"line":14,"column":6},"end":{"line":14,"column":54}},"type":"binary-expr","locations":[{"start":{"line":14,"column":6},"end":{"line":14,"column":28}},{"start":{"line":14,"column":32},"end":{"line":14,"column":54}}]}},"s":{"0":1,"1":7,"2":7,"3":3,"4":7,"5":3,"6":7,"7":3,"8":7},"f":{"0":7},"b":{"0":[3],"1":[3],"2":[3],"3":[7,5]}}
,"/Users/tjeastmond/Projects/limblecmms.dev/server/routes/asyncHandler.ts": {"path":"/Users/tjeastmond/Projects/limblecmms.dev/server/routes/asyncHandler.ts","statementMap":{"0":{"start":{"line":10,"column":0},"end":{"line":10,"column":24}},"1":{"start":{"line":11,"column":2},"end":{"line":13,"column":4}},"2":{"start":{"line":12,"column":4},"end":{"line":12,"column":52}}},"fnMap":{"0":{"name":"asyncHandler","decl":{"start":{"line":10,"column":24},"end":{"line":10,"column":36}},"loc":{"start":{"line":10,"column":49},"end":{"line":14,"column":1}}},"1":{"name":"(anonymous_1)","decl":{"start":{"line":11,"column":9},"end":{"line":11,"column":19}},"loc":{"start":{"line":11,"column":66},"end":{"line":13,"column":3}}}},"branchMap":{},"s":{"0":1,"1":2,"2":2},"f":{"0":2,"1":2},"b":{}}
,"/Users/tjeastmond/Projects/limblecmms.dev/server/routes/errorHandler.ts": {"path":"/Users/tjeastmond/Projects/limblecmms.dev/server/routes/errorHandler.ts","statementMap":{"0":{"start":{"line":17,"column":2},"end":{"line":17,"column":31}},"1":{"start":{"line":18,"column":2},"end":{"line":18,"column":48}},"2":{"start":{"line":21,"column":0},"end":{"line":21,"column":28}}},"fnMap":{"0":{"name":"errorHandler","decl":{"start":{"line":11,"column":9},"end":{"line":11,"column":21}},"loc":{"start":{"line":15,"column":21},"end":{"line":19,"column":1}}}},"branchMap":{},"s":{"0":2,"1":2,"2":1},"f":{"0":2},"b":{}}
,"/Users/tjeastmond/Projects/limblecmms.dev/server/routes/formatResults.ts": {"path":"/Users/tjeastmond/Projects/limblecmms.dev/server/routes/formatResults.ts","statementMap":{"0":{"start":{"line":9,"column":0},"end":{"line":9,"column":24}},"1":{"start":{"line":10,"column":16},"end":{"line":10,"column":44}},"2":{"start":{"line":11,"column":38},"end":{"line":16,"column":4}},"3":{"start":{"line":18,"column":2},"end":{"line":18,"column":19}}},"fnMap":{"0":{"name":"formatResults","decl":{"start":{"line":9,"column":24},"end":{"line":9,"column":37}},"loc":{"start":{"line":9,"column":50},"end":{"line":19,"column":1}}}},"branchMap":{"0":{"loc":{"start":{"line":12,"column":12},"end":{"line":12,"column":29}},"type":"cond-expr","locations":[{"start":{"line":12,"column":20},"end":{"line":12,"column":23}},{"start":{"line":12,"column":26},"end":{"line":12,"column":29}}]},"1":{"loc":{"start":{"line":13,"column":13},"end":{"line":13,"column":51}},"type":"cond-expr","locations":[{"start":{"line":13,"column":21},"end":{"line":13,"column":30}},{"start":{"line":13,"column":33},"end":{"line":13,"column":51}}]},"2":{"loc":{"start":{"line":15,"column":10},"end":{"line":15,"column":27}},"type":"cond-expr","locations":[{"start":{"line":15,"column":18},"end":{"line":15,"column":22}},{"start":{"line":15,"column":25},"end":{"line":15,"column":27}}]}},"s":{"0":1,"1":3,"2":3,"3":3},"f":{"0":3},"b":{"0":[2,1],"1":[2,1],"2":[2,1]}}
,"/Users/tjeastmond/Projects/limblecmms.dev/server/routes/queryFilters.ts": {"path":"/Users/tjeastmond/Projects/limblecmms.dev/server/routes/queryFilters.ts","statementMap":{"0":{"start":{"line":14,"column":0},"end":{"line":14,"column":24}},"1":{"start":{"line":5,"column":16},"end":{"line":5,"column":33}},"2":{"start":{"line":6,"column":2},"end":{"line":6,"column":24}},"3":{"start":{"line":10,"column":2},"end":{"line":10,"column":65}},"4":{"start":{"line":10,"column":25},"end":{"line":10,"column":65}},"5":{"start":{"line":11,"column":2},"end":{"line":11,"column":51}},"6":{"start":{"line":11,"column":34},"end":{"line":11,"column":49}},"7":{"start":{"line":15,"column":30},"end":{"line":15,"column":60}},"8":{"start":{"line":18,"column":4},"end":{"line":18,"column":73}},"9":{"start":{"line":21,"column":4},"end":{"line":21,"column":77}},"10":{"start":{"line":24,"column":4},"end":{"line":24,"column":66}},"11":{"start":{"line":26,"column":2},"end":{"line":26,"column":36}},"12":{"start":{"line":27,"column":2},"end":{"line":27,"column":40}},"13":{"start":{"line":29,"column":2},"end":{"line":31,"column":3}},"14":{"start":{"line":30,"column":4},"end":{"line":30,"column":36}},"15":{"start":{"line":33,"column":2},"end":{"line":33,"column":17}}},"fnMap":{"0":{"name":"isValidParam","decl":{"start":{"line":4,"column":9},"end":{"line":4,"column":21}},"loc":{"start":{"line":4,"column":32},"end":{"line":7,"column":1}}},"1":{"name":"qsArr","decl":{"start":{"line":9,"column":9},"end":{"line":9,"column":14}},"loc":{"start":{"line":9,"column":25},"end":{"line":12,"column":1}}},"2":{"name":"(anonymous_2)","decl":{"start":{"line":11,"column":27},"end":{"line":11,"column":28}},"loc":{"start":{"line":11,"column":34},"end":{"line":11,"column":49}}},"3":{"name":"queryFilters","decl":{"start":{"line":14,"column":24},"end":{"line":14,"column":36}},"loc":{"start":{"line":14,"column":49},"end":{"line":34,"column":1}}}},"branchMap":{"0":{"loc":{"start":{"line":10,"column":2},"end":{"line":10,"column":65}},"type":"if","locations":[{"start":{"line":10,"column":2},"end":{"line":10,"column":65}}]},"1":{"loc":{"start":{"line":18,"column":4},"end":{"line":18,"column":73}},"type":"cond-expr","locations":[{"start":{"line":18,"column":44},"end":{"line":18,"column":68}},{"start":{"line":18,"column":71},"end":{"line":18,"column":73}}]},"2":{"loc":{"start":{"line":21,"column":4},"end":{"line":21,"column":77}},"type":"cond-expr","locations":[{"start":{"line":21,"column":46},"end":{"line":21,"column":72}},{"start":{"line":21,"column":75},"end":{"line":21,"column":77}}]},"3":{"loc":{"start":{"line":24,"column":4},"end":{"line":24,"column":66}},"type":"cond-expr","locations":[{"start":{"line":24,"column":43},"end":{"line":24,"column":59}},{"start":{"line":24,"column":62},"end":{"line":24,"column":66}}]},"4":{"loc":{"start":{"line":29,"column":2},"end":{"line":31,"column":3}},"type":"if","locations":[{"start":{"line":29,"column":2},"end":{"line":31,"column":3}}]},"5":{"loc":{"start":{"line":29,"column":6},"end":{"line":29,"column":74}},"type":"binary-expr","locations":[{"start":{"line":29,"column":6},"end":{"line":29,"column":20}},{"start":{"line":29,"column":25},"end":{"line":29,"column":47}},{"start":{"line":29,"column":51},"end":{"line":29,"column":73}}]}},"s":{"0":1,"1":10,"2":10,"3":10,"4":2,"5":8,"6":24,"7":8,"8":8,"9":7,"10":6,"11":6,"12":6,"13":6,"14":3,"15":6},"f":{"0":10,"1":10,"2":24,"3":8},"b":{"0":[2],"1":[5,3],"2":[5,2],"3":[3,3],"4":[3],"5":[6,3,1]}}
}
