TN:
SF:models/parseFilters.ts
FN:3,parseFilters
FNF:1
FNH:1
FNDA:7,parseFilters
DA:3,1
DA:4,7
DA:6,7
DA:7,3
DA:10,7
DA:11,3
DA:14,7
DA:15,3
DA:18,7
LF:9
LH:9
BRDA:6,0,0,3
BRDA:10,1,0,3
BRDA:14,2,0,3
BRDA:14,3,0,7
BRDA:14,3,1,5
BRF:5
BRH:5
end_of_record
TN:
SF:routes/asyncHandler.ts
FN:10,asyncHandler
FN:11,(anonymous_1)
FNF:2
FNH:2
FNDA:2,asyncHandler
FNDA:2,(anonymous_1)
DA:10,1
DA:11,2
DA:12,2
LF:3
LH:3
BRF:0
BRH:0
end_of_record
TN:
SF:routes/errorHandler.ts
FN:11,errorHandler
FNF:1
FNH:1
FNDA:2,errorHandler
DA:17,2
DA:18,2
DA:21,1
LF:3
LH:3
BRF:0
BRH:0
end_of_record
TN:
SF:routes/formatResults.ts
FN:9,formatResults
FNF:1
FNH:1
FNDA:3,formatResults
DA:9,1
DA:10,3
DA:11,3
DA:18,3
LF:4
LH:4
BRDA:12,0,0,2
BRDA:12,0,1,1
BRDA:13,1,0,2
BRDA:13,1,1,1
BRDA:15,2,0,2
BRDA:15,2,1,1
BRF:6
BRH:6
end_of_record
TN:
SF:routes/queryFilters.ts
FN:4,isValidParam
FN:9,qsArr
FN:11,(anonymous_2)
FN:14,queryFilters
FNF:4
FNH:4
FNDA:10,isValidParam
FNDA:10,qsArr
FNDA:24,(anonymous_2)
FNDA:8,queryFilters
DA:5,10
DA:6,10
DA:10,10
DA:11,24
DA:14,1
DA:15,8
DA:18,8
DA:21,7
DA:24,6
DA:26,6
DA:27,6
DA:29,6
DA:30,3
DA:33,6
LF:14
LH:14
BRDA:10,0,0,2
BRDA:18,1,0,5
BRDA:18,1,1,3
BRDA:21,2,0,5
BRDA:21,2,1,2
BRDA:24,3,0,3
BRDA:24,3,1,3
BRDA:29,4,0,3
BRDA:29,5,0,6
BRDA:29,5,1,3
BRDA:29,5,2,1
BRF:11
BRH:11
end_of_record
